[35m[1mConsolidate compiler generated dependencies of target talker[0m
[35m[1mConsolidate compiler generated dependencies of target listener[0m
[100%] Built target talker
[100%] Built target listener
-- Install configuration: ""
-- Up-to-date: /home/chrisjan/Documents/SpaceConcordia/IntroTask/install/cpp_task/lib/cpp_task/talker
-- Up-to-date: /home/chrisjan/Documents/SpaceConcordia/IntroTask/install/cpp_task/lib/cpp_task/listener
-- Up-to-date: /home/chrisjan/Documents/SpaceConcordia/IntroTask/install/cpp_task/share/ament_index/resource_index/package_run_dependencies/cpp_task
-- Up-to-date: /home/chrisjan/Documents/SpaceConcordia/IntroTask/install/cpp_task/share/ament_index/resource_index/parent_prefix_path/cpp_task
-- Up-to-date: /home/chrisjan/Documents/SpaceConcordia/IntroTask/install/cpp_task/share/cpp_task/environment/ament_prefix_path.sh
-- Up-to-date: /home/chrisjan/Documents/SpaceConcordia/IntroTask/install/cpp_task/share/cpp_task/environment/ament_prefix_path.dsv
-- Up-to-date: /home/chrisjan/Documents/SpaceConcordia/IntroTask/install/cpp_task/share/cpp_task/environment/path.sh
-- Up-to-date: /home/chrisjan/Documents/SpaceConcordia/IntroTask/install/cpp_task/share/cpp_task/environment/path.dsv
-- Up-to-date: /home/chrisjan/Documents/SpaceConcordia/IntroTask/install/cpp_task/share/cpp_task/local_setup.bash
-- Up-to-date: /home/chrisjan/Documents/SpaceConcordia/IntroTask/install/cpp_task/share/cpp_task/local_setup.sh
-- Up-to-date: /home/chrisjan/Documents/SpaceConcordia/IntroTask/install/cpp_task/share/cpp_task/local_setup.zsh
-- Up-to-date: /home/chrisjan/Documents/SpaceConcordia/IntroTask/install/cpp_task/share/cpp_task/local_setup.dsv
-- Installing: /home/chrisjan/Documents/SpaceConcordia/IntroTask/install/cpp_task/share/cpp_task/package.dsv
-- Up-to-date: /home/chrisjan/Documents/SpaceConcordia/IntroTask/install/cpp_task/share/ament_index/resource_index/packages/cpp_task
-- Up-to-date: /home/chrisjan/Documents/SpaceConcordia/IntroTask/install/cpp_task/share/cpp_task/cmake/cpp_taskConfig.cmake
-- Up-to-date: /home/chrisjan/Documents/SpaceConcordia/IntroTask/install/cpp_task/share/cpp_task/cmake/cpp_taskConfig-version.cmake
-- Up-to-date: /home/chrisjan/Documents/SpaceConcordia/IntroTask/install/cpp_task/share/cpp_task/package.xml
