-- Found ament_cmake: 1.3.12 (/opt/ros/humble/share/ament_cmake/cmake)
-- Found rclcpp: 16.0.17 (/opt/ros/humble/share/rclcpp/cmake)
-- Found rosidl_generator_c: 3.1.8 (/opt/ros/humble/share/rosidl_generator_c/cmake)
-- Found rosidl_adapter: 3.1.8 (/opt/ros/humble/share/rosidl_adapter/cmake)
-- Found rosidl_generator_cpp: 3.1.8 (/opt/ros/humble/share/rosidl_generator_cpp/cmake)
-- Using all available rosidl_typesupport_c: rosidl_typesupport_fastrtps_c;rosidl_typesupport_introspection_c
-- Using all available rosidl_typesupport_cpp: rosidl_typesupport_fastrtps_cpp;rosidl_typesupport_introspection_cpp
-- Found rmw_implementation_cmake: 6.1.2 (/opt/ros/humble/share/rmw_implementation_cmake/cmake)
-- Found rmw_fastrtps_cpp: 6.2.9 (/opt/ros/humble/share/rmw_fastrtps_cpp/cmake)
-- Using RMW implementation 'rmw_fastrtps_cpp' as default
-- Found ament_lint_auto: 0.12.14 (/opt/ros/humble/share/ament_lint_auto/cmake)
-- Added test 'cppcheck' to perform static code analysis on C / C++ code
-- Configured cppcheck include dirs: 
-- Configured cppcheck exclude dirs and/or files: 
-- Added test 'lint_cmake' to check CMake code style
-- Added test 'uncrustify' to check C / C++ code style
-- Configured uncrustify additional arguments: 
-- Added test 'xmllint' to check XML markup files
-- Configuring done
-- Generating done
-- Build files have been written to: /home/chrisjan/Documents/SpaceConcordia/IntroTask/build/cpp_task
[ 50%] [32mBuilding CXX object CMakeFiles/talker.dir/src/task_publisher.cpp.o[0m
[ 50%] [32mBuilding CXX object CMakeFiles/listener.dir/src/task_subscriber.cpp.o[0m
[ 75%] [32m[1mLinking CXX executable talker[0m
[ 75%] Built target talker
[100%] [32m[1mLinking CXX executable listener[0m
[100%] Built target listener
-- Install configuration: ""
-- Installing: /home/chrisjan/Documents/SpaceConcordia/IntroTask/install/cpp_task/lib/cpp_task/talker
-- Set runtime path of "/home/chrisjan/Documents/SpaceConcordia/IntroTask/install/cpp_task/lib/cpp_task/talker" to ""
-- Installing: /home/chrisjan/Documents/SpaceConcordia/IntroTask/install/cpp_task/lib/cpp_task/listener
-- Set runtime path of "/home/chrisjan/Documents/SpaceConcordia/IntroTask/install/cpp_task/lib/cpp_task/listener" to ""
-- Installing: /home/chrisjan/Documents/SpaceConcordia/IntroTask/install/cpp_task/share/ament_index/resource_index/package_run_dependencies/cpp_task
-- Installing: /home/chrisjan/Documents/SpaceConcordia/IntroTask/install/cpp_task/share/ament_index/resource_index/parent_prefix_path/cpp_task
-- Installing: /home/chrisjan/Documents/SpaceConcordia/IntroTask/install/cpp_task/share/cpp_task/environment/ament_prefix_path.sh
-- Installing: /home/chrisjan/Documents/SpaceConcordia/IntroTask/install/cpp_task/share/cpp_task/environment/ament_prefix_path.dsv
-- Installing: /home/chrisjan/Documents/SpaceConcordia/IntroTask/install/cpp_task/share/cpp_task/environment/path.sh
-- Installing: /home/chrisjan/Documents/SpaceConcordia/IntroTask/install/cpp_task/share/cpp_task/environment/path.dsv
-- Installing: /home/chrisjan/Documents/SpaceConcordia/IntroTask/install/cpp_task/share/cpp_task/local_setup.bash
-- Installing: /home/chrisjan/Documents/SpaceConcordia/IntroTask/install/cpp_task/share/cpp_task/local_setup.sh
-- Installing: /home/chrisjan/Documents/SpaceConcordia/IntroTask/install/cpp_task/share/cpp_task/local_setup.zsh
-- Installing: /home/chrisjan/Documents/SpaceConcordia/IntroTask/install/cpp_task/share/cpp_task/local_setup.dsv
-- Installing: /home/chrisjan/Documents/SpaceConcordia/IntroTask/install/cpp_task/share/cpp_task/package.dsv
-- Installing: /home/chrisjan/Documents/SpaceConcordia/IntroTask/install/cpp_task/share/ament_index/resource_index/packages/cpp_task
-- Installing: /home/chrisjan/Documents/SpaceConcordia/IntroTask/install/cpp_task/share/cpp_task/cmake/cpp_taskConfig.cmake
-- Installing: /home/chrisjan/Documents/SpaceConcordia/IntroTask/install/cpp_task/share/cpp_task/cmake/cpp_taskConfig-version.cmake
-- Installing: /home/chrisjan/Documents/SpaceConcordia/IntroTask/install/cpp_task/share/cpp_task/package.xml
