[0.012s] Invoking command in '/home/chrisjan/Documents/SpaceConcordia/IntroTask/build/cpp_task': CMAKE_PREFIX_PATH=/opt/ros/humble /usr/bin/cmake /home/chrisjan/Documents/SpaceConcordia/IntroTask/src/cpp_task -DCMAKE_INSTALL_PREFIX=/home/chrisjan/Documents/SpaceConcordia/IntroTask/install/cpp_task
[0.027s] -- Found ament_cmake: 1.3.12 (/opt/ros/humble/share/ament_cmake/cmake)
[0.172s] -- Found rclcpp: 16.0.17 (/opt/ros/humble/share/rclcpp/cmake)
[0.203s] -- Found rosidl_generator_c: 3.1.8 (/opt/ros/humble/share/rosidl_generator_c/cmake)
[0.206s] -- Found rosidl_adapter: 3.1.8 (/opt/ros/humble/share/rosidl_adapter/cmake)
[0.212s] -- Found rosidl_generator_cpp: 3.1.8 (/opt/ros/humble/share/rosidl_generator_cpp/cmake)
[0.223s] -- Using all available rosidl_typesupport_c: rosidl_typesupport_fastrtps_c;rosidl_typesupport_introspection_c
[0.236s] -- Using all available rosidl_typesupport_cpp: rosidl_typesupport_fastrtps_cpp;rosidl_typesupport_introspection_cpp
[0.270s] -- Found rmw_implementation_cmake: 6.1.2 (/opt/ros/humble/share/rmw_implementation_cmake/cmake)
[0.271s] -- Found rmw_fastrtps_cpp: 6.2.9 (/opt/ros/humble/share/rmw_fastrtps_cpp/cmake)
[0.396s] -- Using RMW implementation 'rmw_fastrtps_cpp' as default
[0.453s] -- Found ament_lint_auto: 0.12.14 (/opt/ros/humble/share/ament_lint_auto/cmake)
[0.534s] -- Added test 'cppcheck' to perform static code analysis on C / C++ code
[0.534s] -- Configured cppcheck include dirs: 
[0.534s] -- Configured cppcheck exclude dirs and/or files: 
[0.534s] -- Added test 'lint_cmake' to check CMake code style
[0.535s] -- Added test 'uncrustify' to check C / C++ code style
[0.535s] -- Configured uncrustify additional arguments: 
[0.536s] -- Added test 'xmllint' to check XML markup files
[0.537s] -- Configuring done
[0.552s] -- Generating done
[0.557s] -- Build files have been written to: /home/chrisjan/Documents/SpaceConcordia/IntroTask/build/cpp_task
[0.568s] Invoked command in '/home/chrisjan/Documents/SpaceConcordia/IntroTask/build/cpp_task' returned '0': CMAKE_PREFIX_PATH=/opt/ros/humble /usr/bin/cmake /home/chrisjan/Documents/SpaceConcordia/IntroTask/src/cpp_task -DCMAKE_INSTALL_PREFIX=/home/chrisjan/Documents/SpaceConcordia/IntroTask/install/cpp_task
[0.570s] Invoking command in '/home/chrisjan/Documents/SpaceConcordia/IntroTask/build/cpp_task': CMAKE_PREFIX_PATH=/opt/ros/humble /usr/bin/cmake --build /home/chrisjan/Documents/SpaceConcordia/IntroTask/build/cpp_task -- -j12 -l12
[0.637s] [ 50%] [32mBuilding CXX object CMakeFiles/talker.dir/src/task_publisher.cpp.o[0m
[0.637s] [ 50%] [32mBuilding CXX object CMakeFiles/listener.dir/src/task_subscriber.cpp.o[0m
[5.463s] [ 75%] [32m[1mLinking CXX executable talker[0m
[5.663s] [ 75%] Built target talker
[9.442s] [100%] [32m[1mLinking CXX executable listener[0m
[9.793s] [100%] Built target listener
[9.807s] Invoked command in '/home/chrisjan/Documents/SpaceConcordia/IntroTask/build/cpp_task' returned '0': CMAKE_PREFIX_PATH=/opt/ros/humble /usr/bin/cmake --build /home/chrisjan/Documents/SpaceConcordia/IntroTask/build/cpp_task -- -j12 -l12
[9.819s] Invoking command in '/home/chrisjan/Documents/SpaceConcordia/IntroTask/build/cpp_task': CMAKE_PREFIX_PATH=/opt/ros/humble /usr/bin/cmake --install /home/chrisjan/Documents/SpaceConcordia/IntroTask/build/cpp_task
[9.828s] -- Install configuration: ""
[9.828s] -- Installing: /home/chrisjan/Documents/SpaceConcordia/IntroTask/install/cpp_task/lib/cpp_task/talker
[9.829s] -- Set runtime path of "/home/chrisjan/Documents/SpaceConcordia/IntroTask/install/cpp_task/lib/cpp_task/talker" to ""
[9.830s] -- Installing: /home/chrisjan/Documents/SpaceConcordia/IntroTask/install/cpp_task/lib/cpp_task/listener
[9.834s] -- Set runtime path of "/home/chrisjan/Documents/SpaceConcordia/IntroTask/install/cpp_task/lib/cpp_task/listener" to ""
[9.834s] -- Installing: /home/chrisjan/Documents/SpaceConcordia/IntroTask/install/cpp_task/share/ament_index/resource_index/package_run_dependencies/cpp_task
[9.834s] -- Installing: /home/chrisjan/Documents/SpaceConcordia/IntroTask/install/cpp_task/share/ament_index/resource_index/parent_prefix_path/cpp_task
[9.835s] -- Installing: /home/chrisjan/Documents/SpaceConcordia/IntroTask/install/cpp_task/share/cpp_task/environment/ament_prefix_path.sh
[9.835s] -- Installing: /home/chrisjan/Documents/SpaceConcordia/IntroTask/install/cpp_task/share/cpp_task/environment/ament_prefix_path.dsv
[9.835s] -- Installing: /home/chrisjan/Documents/SpaceConcordia/IntroTask/install/cpp_task/share/cpp_task/environment/path.sh
[9.835s] -- Installing: /home/chrisjan/Documents/SpaceConcordia/IntroTask/install/cpp_task/share/cpp_task/environment/path.dsv
[9.835s] -- Installing: /home/chrisjan/Documents/SpaceConcordia/IntroTask/install/cpp_task/share/cpp_task/local_setup.bash
[9.836s] -- Installing: /home/chrisjan/Documents/SpaceConcordia/IntroTask/install/cpp_task/share/cpp_task/local_setup.sh
[9.836s] -- Installing: /home/chrisjan/Documents/SpaceConcordia/IntroTask/install/cpp_task/share/cpp_task/local_setup.zsh
[9.836s] -- Installing: /home/chrisjan/Documents/SpaceConcordia/IntroTask/install/cpp_task/share/cpp_task/local_setup.dsv
[9.836s] -- Installing: /home/chrisjan/Documents/SpaceConcordia/IntroTask/install/cpp_task/share/cpp_task/package.dsv
[9.836s] -- Installing: /home/chrisjan/Documents/SpaceConcordia/IntroTask/install/cpp_task/share/ament_index/resource_index/packages/cpp_task
[9.837s] -- Installing: /home/chrisjan/Documents/SpaceConcordia/IntroTask/install/cpp_task/share/cpp_task/cmake/cpp_taskConfig.cmake
[9.837s] -- Installing: /home/chrisjan/Documents/SpaceConcordia/IntroTask/install/cpp_task/share/cpp_task/cmake/cpp_taskConfig-version.cmake
[9.837s] -- Installing: /home/chrisjan/Documents/SpaceConcordia/IntroTask/install/cpp_task/share/cpp_task/package.xml
[9.840s] Invoked command in '/home/chrisjan/Documents/SpaceConcordia/IntroTask/build/cpp_task' returned '0': CMAKE_PREFIX_PATH=/opt/ros/humble /usr/bin/cmake --install /home/chrisjan/Documents/SpaceConcordia/IntroTask/build/cpp_task
