[0.013s] Invoking command in '/home/chrisjan/Documents/SpaceConcordia/IntroTask/build/cpp_task': CMAKE_PREFIX_PATH=/opt/ros/humble /usr/bin/cmake /home/chrisjan/Documents/SpaceConcordia/IntroTask/src/cpp_task -DCMAKE_INSTALL_PREFIX=/home/chrisjan/Documents/SpaceConcordia/IntroTask/install/cpp_task
[0.079s] -- The C compiler identification is GNU 11.4.0
[0.148s] -- The CXX compiler identification is GNU 11.4.0
[0.157s] -- Detecting C compiler ABI info
[0.248s] -- Detecting C compiler ABI info - done
[0.256s] -- Check for working C compiler: /usr/bin/cc - skipped
[0.257s] -- Detecting C compile features
[0.257s] -- Detecting C compile features - done
[0.260s] -- Detecting CXX compiler ABI info
[0.366s] -- Detecting CXX compiler ABI info - done
[0.374s] -- Check for working CXX compiler: /usr/bin/c++ - skipped
[0.374s] -- Detecting CXX compile features
[0.374s] -- Detecting CXX compile features - done
[0.378s] -- Found ament_cmake: 1.3.12 (/opt/ros/humble/share/ament_cmake/cmake)
[0.550s] -- Found Python3: /usr/bin/python3 (found version "3.10.12") found components: Interpreter 
[0.650s] -- Found rclcpp: 16.0.17 (/opt/ros/humble/share/rclcpp/cmake)
[0.698s] -- Found rosidl_generator_c: 3.1.8 (/opt/ros/humble/share/rosidl_generator_c/cmake)
[0.704s] -- Found rosidl_adapter: 3.1.8 (/opt/ros/humble/share/rosidl_adapter/cmake)
[0.714s] -- Found rosidl_generator_cpp: 3.1.8 (/opt/ros/humble/share/rosidl_generator_cpp/cmake)
[0.728s] -- Using all available rosidl_typesupport_c: rosidl_typesupport_fastrtps_c;rosidl_typesupport_introspection_c
[0.746s] -- Using all available rosidl_typesupport_cpp: rosidl_typesupport_fastrtps_cpp;rosidl_typesupport_introspection_cpp
[0.794s] -- Found rmw_implementation_cmake: 6.1.2 (/opt/ros/humble/share/rmw_implementation_cmake/cmake)
[0.797s] -- Found rmw_fastrtps_cpp: 6.2.9 (/opt/ros/humble/share/rmw_fastrtps_cpp/cmake)
[0.909s] -- Found OpenSSL: /usr/lib/x86_64-linux-gnu/libcrypto.so (found version "3.0.2")  
[0.944s] -- Found FastRTPS: /opt/ros/humble/include  
[0.995s] -- Using RMW implementation 'rmw_fastrtps_cpp' as default
[1.005s] -- Looking for pthread.h
[1.104s] -- Looking for pthread.h - found
[1.105s] -- Performing Test CMAKE_HAVE_LIBC_PTHREAD
[1.201s] -- Performing Test CMAKE_HAVE_LIBC_PTHREAD - Success
[1.202s] -- Found Threads: TRUE  
[1.262s] -- Found ament_lint_auto: 0.12.14 (/opt/ros/humble/share/ament_lint_auto/cmake)
[1.351s] -- Added test 'cppcheck' to perform static code analysis on C / C++ code
[1.351s] -- Configured cppcheck include dirs: 
[1.351s] -- Configured cppcheck exclude dirs and/or files: 
[1.352s] -- Added test 'lint_cmake' to check CMake code style
[1.353s] -- Added test 'uncrustify' to check C / C++ code style
[1.353s] -- Configured uncrustify additional arguments: 
[1.353s] -- Added test 'xmllint' to check XML markup files
[1.355s] -- Configuring done
[1.359s] [31mCMake Error at CMakeLists.txt:13 (add_executable):
[1.359s]   Cannot find source file:
[1.359s] 
[1.359s]     src/publisher_member_function.cpp
[1.359s] 
[1.359s]   Tried extensions .c .C .c++ .cc .cpp .cxx .cu .mpp .m .M .mm .ixx .cppm .h
[1.359s]   .hh .h++ .hm .hpp .hxx .in .txx .f .F .for .f77 .f90 .f95 .f03 .hip .ispc
[1.359s] 
[1.359s] [0m
[1.360s] [31mCMake Error at CMakeLists.txt:16 (add_executable):
[1.360s]   Cannot find source file:
[1.360s] 
[1.360s]     src/subscriber_member_function.cpp
[1.360s] 
[1.360s]   Tried extensions .c .C .c++ .cc .cpp .cxx .cu .mpp .m .M .mm .ixx .cppm .h
[1.360s]   .hh .h++ .hm .hpp .hxx .in .txx .f .F .for .f77 .f90 .f95 .f03 .hip .ispc
[1.360s] 
[1.360s] [0m
[1.360s] [31mCMake Error at CMakeLists.txt:13 (add_executable):
[1.361s]   No SOURCES given to target: talker
[1.361s] 
[1.361s] [0m
[1.361s] [31mCMake Error at CMakeLists.txt:16 (add_executable):
[1.361s]   No SOURCES given to target: listener
[1.361s] 
[1.361s] [0m
[1.361s] [0mCMake Generate step failed.  Build files cannot be regenerated correctly.[0m
[1.375s] Invoked command in '/home/chrisjan/Documents/SpaceConcordia/IntroTask/build/cpp_task' returned '1': CMAKE_PREFIX_PATH=/opt/ros/humble /usr/bin/cmake /home/chrisjan/Documents/SpaceConcordia/IntroTask/src/cpp_task -DCMAKE_INSTALL_PREFIX=/home/chrisjan/Documents/SpaceConcordia/IntroTask/install/cpp_task
