running egg_info
writing ../../build/py_task/py_task.egg-info/PKG-INFO
writing dependency_links to ../../build/py_task/py_task.egg-info/dependency_links.txt
writing entry points to ../../build/py_task/py_task.egg-info/entry_points.txt
writing requirements to ../../build/py_task/py_task.egg-info/requires.txt
writing top-level names to ../../build/py_task/py_task.egg-info/top_level.txt
reading manifest file '../../build/py_task/py_task.egg-info/SOURCES.txt'
adding license file 'LICENSE'
writing manifest file '../../build/py_task/py_task.egg-info/SOURCES.txt'
running build
running build_py
running install
running install_lib
running install_data
running install_egg_info
removing '/home/chrisjan/Documents/SpaceConcordia/IntroTask/install/py_task/lib/python3.10/site-packages/py_task-0.0.0-py3.10.egg-info' (and everything under it)
Copying ../../build/py_task/py_task.egg-info to /home/chrisjan/Documents/SpaceConcordia/IntroTask/install/py_task/lib/python3.10/site-packages/py_task-0.0.0-py3.10.egg-info
running install_scripts
Installing listener script to /home/chrisjan/Documents/SpaceConcordia/IntroTask/install/py_task/lib/py_task
Installing talker script to /home/chrisjan/Documents/SpaceConcordia/IntroTask/install/py_task/lib/py_task
writing list of installed files to '/home/chrisjan/Documents/SpaceConcordia/IntroTask/build/py_task/install.log'
