[0.713s] Invoking command in '/home/chrisjan/Documents/SpaceConcordia/IntroTask/src/py_task': PYTHONPATH=/home/chrisjan/Documents/SpaceConcordia/IntroTask/build/py_task/prefix_override:/usr/lib/python3/dist-packages/colcon_core/task/python/colcon_distutils_commands:/home/chrisjan/Documents/SpaceConcordia/IntroTask/install/py_task/lib/python3.10/site-packages:${PYTHONPATH} /usr/bin/python3 -W ignore:setup.py install is deprecated -W ignore:easy_install command is deprecated setup.py egg_info --egg-base ../../build/py_task build --build-base /home/chrisjan/Documents/SpaceConcordia/IntroTask/build/py_task/build install --record /home/chrisjan/Documents/SpaceConcordia/IntroTask/build/py_task/install.log --single-version-externally-managed install_data
[0.982s] running egg_info
[0.982s] writing ../../build/py_task/py_task.egg-info/PKG-INFO
[0.982s] writing dependency_links to ../../build/py_task/py_task.egg-info/dependency_links.txt
[0.982s] writing entry points to ../../build/py_task/py_task.egg-info/entry_points.txt
[0.983s] writing requirements to ../../build/py_task/py_task.egg-info/requires.txt
[0.983s] writing top-level names to ../../build/py_task/py_task.egg-info/top_level.txt
[0.985s] reading manifest file '../../build/py_task/py_task.egg-info/SOURCES.txt'
[0.985s] adding license file 'LICENSE'
[0.986s] writing manifest file '../../build/py_task/py_task.egg-info/SOURCES.txt'
[0.986s] running build
[0.986s] running build_py
[0.986s] running install
[0.987s] running install_lib
[0.988s] running install_data
[0.988s] running install_egg_info
[0.991s] removing '/home/chrisjan/Documents/SpaceConcordia/IntroTask/install/py_task/lib/python3.10/site-packages/py_task-0.0.0-py3.10.egg-info' (and everything under it)
[0.991s] Copying ../../build/py_task/py_task.egg-info to /home/chrisjan/Documents/SpaceConcordia/IntroTask/install/py_task/lib/python3.10/site-packages/py_task-0.0.0-py3.10.egg-info
[0.992s] running install_scripts
[1.015s] Installing listener script to /home/chrisjan/Documents/SpaceConcordia/IntroTask/install/py_task/lib/py_task
[1.015s] Installing talker script to /home/chrisjan/Documents/SpaceConcordia/IntroTask/install/py_task/lib/py_task
[1.015s] writing list of installed files to '/home/chrisjan/Documents/SpaceConcordia/IntroTask/build/py_task/install.log'
[1.053s] Invoked command in '/home/chrisjan/Documents/SpaceConcordia/IntroTask/src/py_task' returned '0': PYTHONPATH=/home/chrisjan/Documents/SpaceConcordia/IntroTask/build/py_task/prefix_override:/usr/lib/python3/dist-packages/colcon_core/task/python/colcon_distutils_commands:/home/chrisjan/Documents/SpaceConcordia/IntroTask/install/py_task/lib/python3.10/site-packages:${PYTHONPATH} /usr/bin/python3 -W ignore:setup.py install is deprecated -W ignore:easy_install command is deprecated setup.py egg_info --egg-base ../../build/py_task build --build-base /home/chrisjan/Documents/SpaceConcordia/IntroTask/build/py_task/build install --record /home/chrisjan/Documents/SpaceConcordia/IntroTask/build/py_task/install.log --single-version-externally-managed install_data
