[0.727s] Invoking command in '/home/chrisjan/Documents/SpaceConcordia/IntroTask/src/py_task': PYTHONPATH=/home/chrisjan/Documents/SpaceConcordia/IntroTask/build/py_task/prefix_override:/usr/lib/python3/dist-packages/colcon_core/task/python/colcon_distutils_commands:/home/chrisjan/Documents/SpaceConcordia/IntroTask/install/py_task/lib/python3.10/site-packages:${PYTHONPATH} /usr/bin/python3 -W ignore:setup.py install is deprecated -W ignore:easy_install command is deprecated setup.py egg_info --egg-base ../../build/py_task build --build-base /home/chrisjan/Documents/SpaceConcordia/IntroTask/build/py_task/build install --record /home/chrisjan/Documents/SpaceConcordia/IntroTask/build/py_task/install.log --single-version-externally-managed install_data
[0.995s] running egg_info
[0.996s] creating ../../build/py_task/py_task.egg-info
[0.996s] writing ../../build/py_task/py_task.egg-info/PKG-INFO
[0.997s] writing dependency_links to ../../build/py_task/py_task.egg-info/dependency_links.txt
[0.997s] writing entry points to ../../build/py_task/py_task.egg-info/entry_points.txt
[0.997s] writing requirements to ../../build/py_task/py_task.egg-info/requires.txt
[0.997s] writing top-level names to ../../build/py_task/py_task.egg-info/top_level.txt
[0.997s] writing manifest file '../../build/py_task/py_task.egg-info/SOURCES.txt'
[0.999s] reading manifest file '../../build/py_task/py_task.egg-info/SOURCES.txt'
[0.999s] adding license file 'LICENSE'
[1.000s] writing manifest file '../../build/py_task/py_task.egg-info/SOURCES.txt'
[1.000s] running build
[1.000s] running build_py
[1.000s] creating /home/chrisjan/Documents/SpaceConcordia/IntroTask/build/py_task/build
[1.001s] creating /home/chrisjan/Documents/SpaceConcordia/IntroTask/build/py_task/build/lib
[1.001s] creating /home/chrisjan/Documents/SpaceConcordia/IntroTask/build/py_task/build/lib/py_task
[1.001s] copying py_task/__init__.py -> /home/chrisjan/Documents/SpaceConcordia/IntroTask/build/py_task/build/lib/py_task
[1.001s] copying py_task/task_publisher.py -> /home/chrisjan/Documents/SpaceConcordia/IntroTask/build/py_task/build/lib/py_task
[1.001s] copying py_task/task_subscriber.py -> /home/chrisjan/Documents/SpaceConcordia/IntroTask/build/py_task/build/lib/py_task
[1.001s] running install
[1.001s] running install_lib
[1.002s] creating /home/chrisjan/Documents/SpaceConcordia/IntroTask/install/py_task/lib/python3.10/site-packages/py_task
[1.002s] copying /home/chrisjan/Documents/SpaceConcordia/IntroTask/build/py_task/build/lib/py_task/__init__.py -> /home/chrisjan/Documents/SpaceConcordia/IntroTask/install/py_task/lib/python3.10/site-packages/py_task
[1.002s] copying /home/chrisjan/Documents/SpaceConcordia/IntroTask/build/py_task/build/lib/py_task/task_publisher.py -> /home/chrisjan/Documents/SpaceConcordia/IntroTask/install/py_task/lib/python3.10/site-packages/py_task
[1.003s] copying /home/chrisjan/Documents/SpaceConcordia/IntroTask/build/py_task/build/lib/py_task/task_subscriber.py -> /home/chrisjan/Documents/SpaceConcordia/IntroTask/install/py_task/lib/python3.10/site-packages/py_task
[1.003s] byte-compiling /home/chrisjan/Documents/SpaceConcordia/IntroTask/install/py_task/lib/python3.10/site-packages/py_task/__init__.py to __init__.cpython-310.pyc
[1.003s] byte-compiling /home/chrisjan/Documents/SpaceConcordia/IntroTask/install/py_task/lib/python3.10/site-packages/py_task/task_publisher.py to task_publisher.cpython-310.pyc
[1.004s] byte-compiling /home/chrisjan/Documents/SpaceConcordia/IntroTask/install/py_task/lib/python3.10/site-packages/py_task/task_subscriber.py to task_subscriber.cpython-310.pyc
[1.005s] running install_data
[1.005s] creating /home/chrisjan/Documents/SpaceConcordia/IntroTask/install/py_task/share/ament_index
[1.005s] creating /home/chrisjan/Documents/SpaceConcordia/IntroTask/install/py_task/share/ament_index/resource_index
[1.005s] creating /home/chrisjan/Documents/SpaceConcordia/IntroTask/install/py_task/share/ament_index/resource_index/packages
[1.005s] copying resource/py_task -> /home/chrisjan/Documents/SpaceConcordia/IntroTask/install/py_task/share/ament_index/resource_index/packages
[1.005s] copying package.xml -> /home/chrisjan/Documents/SpaceConcordia/IntroTask/install/py_task/share/py_task
[1.005s] running install_egg_info
[1.007s] Copying ../../build/py_task/py_task.egg-info to /home/chrisjan/Documents/SpaceConcordia/IntroTask/install/py_task/lib/python3.10/site-packages/py_task-0.0.0-py3.10.egg-info
[1.009s] running install_scripts
[1.031s] Installing listener script to /home/chrisjan/Documents/SpaceConcordia/IntroTask/install/py_task/lib/py_task
[1.031s] Installing talker script to /home/chrisjan/Documents/SpaceConcordia/IntroTask/install/py_task/lib/py_task
[1.032s] writing list of installed files to '/home/chrisjan/Documents/SpaceConcordia/IntroTask/build/py_task/install.log'
[1.060s] Invoked command in '/home/chrisjan/Documents/SpaceConcordia/IntroTask/src/py_task' returned '0': PYTHONPATH=/home/chrisjan/Documents/SpaceConcordia/IntroTask/build/py_task/prefix_override:/usr/lib/python3/dist-packages/colcon_core/task/python/colcon_distutils_commands:/home/chrisjan/Documents/SpaceConcordia/IntroTask/install/py_task/lib/python3.10/site-packages:${PYTHONPATH} /usr/bin/python3 -W ignore:setup.py install is deprecated -W ignore:easy_install command is deprecated setup.py egg_info --egg-base ../../build/py_task build --build-base /home/chrisjan/Documents/SpaceConcordia/IntroTask/build/py_task/build install --record /home/chrisjan/Documents/SpaceConcordia/IntroTask/build/py_task/install.log --single-version-externally-managed install_data
