[0.134s] DEBUG:colcon:Command line arguments: ['/usr/bin/colcon', 'build', '--packages-select', 'py_task']
[0.134s] DEBUG:colcon:Parsed command line arguments: Namespace(log_base=None, log_level=None, verb_name='build', build_base='build', install_base='install', merge_install=False, symlink_install=False, test_result_base=None, continue_on_error=False, executor='parallel', parallel_workers=12, event_handlers=None, ignore_user_meta=False, metas=['./colcon.meta'], base_paths=['.'], packages_ignore=None, packages_ignore_regex=None, paths=None, packages_up_to=None, packages_up_to_regex=None, packages_above=None, packages_above_and_dependencies=None, packages_above_depth=None, packages_select_by_dep=None, packages_skip_by_dep=None, packages_skip_up_to=None, packages_select_build_failed=False, packages_skip_build_finished=False, packages_select_test_failures=False, packages_skip_test_passed=False, packages_select=['py_task'], packages_skip=None, packages_select_regex=None, packages_skip_regex=None, packages_start=None, packages_end=None, allow_overriding=[], cmake_args=None, cmake_target=None, cmake_target_skip_unavailable=False, cmake_clean_cache=False, cmake_clean_first=False, cmake_force_configure=False, ament_cmake_args=None, catkin_cmake_args=None, catkin_skip_building_tests=False, mixin_files=None, mixin=None, verb_parser=<colcon_mixin.mixin.mixin_argument.MixinArgumentDecorator object at 0x76761c2659f0>, verb_extension=<colcon_core.verb.build.BuildVerb object at 0x76761c2654b0>, main=<bound method BuildVerb.main of <colcon_core.verb.build.BuildVerb object at 0x76761c2654b0>>, mixin_verb=('build',))
[0.321s] Level 1:colcon.colcon_core.package_discovery:discover_packages(colcon_meta) check parameters
[0.321s] Level 1:colcon.colcon_core.package_discovery:discover_packages(recursive) check parameters
[0.321s] Level 1:colcon.colcon_core.package_discovery:discover_packages(ignore) check parameters
[0.321s] Level 1:colcon.colcon_core.package_discovery:discover_packages(path) check parameters
[0.321s] Level 1:colcon.colcon_core.package_discovery:discover_packages(colcon_meta) discover
[0.321s] Level 1:colcon.colcon_core.package_discovery:discover_packages(recursive) discover
[0.322s] INFO:colcon.colcon_core.package_discovery:Crawling recursively for packages in '/home/chrisjan/Documents/SpaceConcordia/IntroTask'
[0.322s] Level 1:colcon.colcon_core.package_identification:_identify(.) by extensions ['ignore', 'ignore_ament_install']
[0.322s] Level 1:colcon.colcon_core.package_identification:_identify(.) by extension 'ignore'
[0.322s] Level 1:colcon.colcon_core.package_identification:_identify(.) by extension 'ignore_ament_install'
[0.322s] Level 1:colcon.colcon_core.package_identification:_identify(.) by extensions ['colcon_pkg']
[0.322s] Level 1:colcon.colcon_core.package_identification:_identify(.) by extension 'colcon_pkg'
[0.322s] Level 1:colcon.colcon_core.package_identification:_identify(.) by extensions ['colcon_meta']
[0.322s] Level 1:colcon.colcon_core.package_identification:_identify(.) by extension 'colcon_meta'
[0.322s] Level 1:colcon.colcon_core.package_identification:_identify(.) by extensions ['ros']
[0.322s] Level 1:colcon.colcon_core.package_identification:_identify(.) by extension 'ros'
[0.334s] Level 1:colcon.colcon_core.package_identification:_identify(.) by extensions ['cmake', 'python']
[0.334s] Level 1:colcon.colcon_core.package_identification:_identify(.) by extension 'cmake'
[0.334s] Level 1:colcon.colcon_core.package_identification:_identify(.) by extension 'python'
[0.334s] Level 1:colcon.colcon_core.package_identification:_identify(.) by extensions ['python_setup_py']
[0.334s] Level 1:colcon.colcon_core.package_identification:_identify(.) by extension 'python_setup_py'
[0.334s] Level 1:colcon.colcon_core.package_identification:_identify(build) by extensions ['ignore', 'ignore_ament_install']
[0.334s] Level 1:colcon.colcon_core.package_identification:_identify(build) by extension 'ignore'
[0.334s] Level 1:colcon.colcon_core.package_identification:_identify(build) ignored
[0.334s] Level 1:colcon.colcon_core.package_identification:_identify(install) by extensions ['ignore', 'ignore_ament_install']
[0.334s] Level 1:colcon.colcon_core.package_identification:_identify(install) by extension 'ignore'
[0.334s] Level 1:colcon.colcon_core.package_identification:_identify(install) ignored
[0.334s] Level 1:colcon.colcon_core.package_identification:_identify(log) by extensions ['ignore', 'ignore_ament_install']
[0.335s] Level 1:colcon.colcon_core.package_identification:_identify(log) by extension 'ignore'
[0.335s] Level 1:colcon.colcon_core.package_identification:_identify(log) ignored
[0.335s] Level 1:colcon.colcon_core.package_identification:_identify(src) by extensions ['ignore', 'ignore_ament_install']
[0.335s] Level 1:colcon.colcon_core.package_identification:_identify(src) by extension 'ignore'
[0.335s] Level 1:colcon.colcon_core.package_identification:_identify(src) by extension 'ignore_ament_install'
[0.335s] Level 1:colcon.colcon_core.package_identification:_identify(src) by extensions ['colcon_pkg']
[0.335s] Level 1:colcon.colcon_core.package_identification:_identify(src) by extension 'colcon_pkg'
[0.335s] Level 1:colcon.colcon_core.package_identification:_identify(src) by extensions ['colcon_meta']
[0.335s] Level 1:colcon.colcon_core.package_identification:_identify(src) by extension 'colcon_meta'
[0.335s] Level 1:colcon.colcon_core.package_identification:_identify(src) by extensions ['ros']
[0.335s] Level 1:colcon.colcon_core.package_identification:_identify(src) by extension 'ros'
[0.335s] Level 1:colcon.colcon_core.package_identification:_identify(src) by extensions ['cmake', 'python']
[0.335s] Level 1:colcon.colcon_core.package_identification:_identify(src) by extension 'cmake'
[0.335s] Level 1:colcon.colcon_core.package_identification:_identify(src) by extension 'python'
[0.335s] Level 1:colcon.colcon_core.package_identification:_identify(src) by extensions ['python_setup_py']
[0.335s] Level 1:colcon.colcon_core.package_identification:_identify(src) by extension 'python_setup_py'
[0.335s] Level 1:colcon.colcon_core.package_identification:_identify(src/cpp_task) by extensions ['ignore', 'ignore_ament_install']
[0.335s] Level 1:colcon.colcon_core.package_identification:_identify(src/cpp_task) by extension 'ignore'
[0.336s] Level 1:colcon.colcon_core.package_identification:_identify(src/cpp_task) by extension 'ignore_ament_install'
[0.336s] Level 1:colcon.colcon_core.package_identification:_identify(src/cpp_task) by extensions ['colcon_pkg']
[0.336s] Level 1:colcon.colcon_core.package_identification:_identify(src/cpp_task) by extension 'colcon_pkg'
[0.336s] Level 1:colcon.colcon_core.package_identification:_identify(src/cpp_task) by extensions ['colcon_meta']
[0.336s] Level 1:colcon.colcon_core.package_identification:_identify(src/cpp_task) by extension 'colcon_meta'
[0.336s] Level 1:colcon.colcon_core.package_identification:_identify(src/cpp_task) by extensions ['ros']
[0.336s] Level 1:colcon.colcon_core.package_identification:_identify(src/cpp_task) by extension 'ros'
[0.338s] DEBUG:colcon.colcon_core.package_identification:Package 'src/cpp_task' with type 'ros.ament_cmake' and name 'cpp_task'
[0.339s] Level 1:colcon.colcon_core.package_identification:_identify(src/py_task) by extensions ['ignore', 'ignore_ament_install']
[0.339s] Level 1:colcon.colcon_core.package_identification:_identify(src/py_task) by extension 'ignore'
[0.339s] Level 1:colcon.colcon_core.package_identification:_identify(src/py_task) by extension 'ignore_ament_install'
[0.339s] Level 1:colcon.colcon_core.package_identification:_identify(src/py_task) by extensions ['colcon_pkg']
[0.339s] Level 1:colcon.colcon_core.package_identification:_identify(src/py_task) by extension 'colcon_pkg'
[0.339s] Level 1:colcon.colcon_core.package_identification:_identify(src/py_task) by extensions ['colcon_meta']
[0.339s] Level 1:colcon.colcon_core.package_identification:_identify(src/py_task) by extension 'colcon_meta'
[0.339s] Level 1:colcon.colcon_core.package_identification:_identify(src/py_task) by extensions ['ros']
[0.339s] Level 1:colcon.colcon_core.package_identification:_identify(src/py_task) by extension 'ros'
[0.339s] DEBUG:colcon.colcon_core.package_identification:Package 'src/py_task' with type 'ros.ament_python' and name 'py_task'
[0.340s] Level 1:colcon.colcon_core.package_discovery:discover_packages(recursive) using defaults
[0.340s] Level 1:colcon.colcon_core.package_discovery:discover_packages(ignore) discover
[0.340s] Level 1:colcon.colcon_core.package_discovery:discover_packages(ignore) using defaults
[0.340s] Level 1:colcon.colcon_core.package_discovery:discover_packages(path) discover
[0.340s] Level 1:colcon.colcon_core.package_discovery:discover_packages(path) using defaults
[0.375s] INFO:colcon.colcon_core.package_selection:Skipping not selected package 'cpp_task' in 'src/cpp_task'
[0.376s] Level 1:colcon.colcon_core.package_discovery:discover_packages(prefix_path) check parameters
[0.376s] Level 1:colcon.colcon_core.package_discovery:discover_packages(prefix_path) discover
[0.379s] DEBUG:colcon.colcon_installed_package_information.package_discovery:Found 323 installed packages in /opt/ros/humble
[0.380s] Level 1:colcon.colcon_core.package_discovery:discover_packages(prefix_path) using defaults
[0.429s] Level 5:colcon.colcon_core.verb:set package 'py_task' build argument 'cmake_args' from command line to 'None'
[0.429s] Level 5:colcon.colcon_core.verb:set package 'py_task' build argument 'cmake_target' from command line to 'None'
[0.429s] Level 5:colcon.colcon_core.verb:set package 'py_task' build argument 'cmake_target_skip_unavailable' from command line to 'False'
[0.429s] Level 5:colcon.colcon_core.verb:set package 'py_task' build argument 'cmake_clean_cache' from command line to 'False'
[0.430s] Level 5:colcon.colcon_core.verb:set package 'py_task' build argument 'cmake_clean_first' from command line to 'False'
[0.430s] Level 5:colcon.colcon_core.verb:set package 'py_task' build argument 'cmake_force_configure' from command line to 'False'
[0.430s] Level 5:colcon.colcon_core.verb:set package 'py_task' build argument 'ament_cmake_args' from command line to 'None'
[0.430s] Level 5:colcon.colcon_core.verb:set package 'py_task' build argument 'catkin_cmake_args' from command line to 'None'
[0.430s] Level 5:colcon.colcon_core.verb:set package 'py_task' build argument 'catkin_skip_building_tests' from command line to 'False'
[0.430s] DEBUG:colcon.colcon_core.verb:Building package 'py_task' with the following arguments: {'ament_cmake_args': None, 'build_base': '/home/chrisjan/Documents/SpaceConcordia/IntroTask/build/py_task', 'catkin_cmake_args': None, 'catkin_skip_building_tests': False, 'cmake_args': None, 'cmake_clean_cache': False, 'cmake_clean_first': False, 'cmake_force_configure': False, 'cmake_target': None, 'cmake_target_skip_unavailable': False, 'install_base': '/home/chrisjan/Documents/SpaceConcordia/IntroTask/install/py_task', 'merge_install': False, 'path': '/home/chrisjan/Documents/SpaceConcordia/IntroTask/src/py_task', 'symlink_install': False, 'test_result_base': None}
[0.430s] INFO:colcon.colcon_core.executor:Executing jobs using 'parallel' executor
[0.431s] DEBUG:colcon.colcon_parallel_executor.executor.parallel:run_until_complete
[0.431s] INFO:colcon.colcon_ros.task.ament_python.build:Building ROS package in '/home/chrisjan/Documents/SpaceConcordia/IntroTask/src/py_task' with build type 'ament_python'
[0.431s] Level 1:colcon.colcon_core.shell:create_environment_hook('py_task', 'ament_prefix_path')
[0.434s] INFO:colcon.colcon_core.plugin_system:Skipping extension 'colcon_core.shell.bat': Not used on non-Windows systems
[0.434s] INFO:colcon.colcon_core.shell:Creating environment hook '/home/chrisjan/Documents/SpaceConcordia/IntroTask/install/py_task/share/py_task/hook/ament_prefix_path.ps1'
[0.434s] INFO:colcon.colcon_core.shell:Creating environment descriptor '/home/chrisjan/Documents/SpaceConcordia/IntroTask/install/py_task/share/py_task/hook/ament_prefix_path.dsv'
[0.435s] INFO:colcon.colcon_core.shell:Creating environment hook '/home/chrisjan/Documents/SpaceConcordia/IntroTask/install/py_task/share/py_task/hook/ament_prefix_path.sh'
[0.436s] INFO:colcon.colcon_core.shell:Skip shell extension 'powershell' for command environment: Not usable outside of PowerShell
[0.436s] DEBUG:colcon.colcon_core.shell:Skip shell extension 'dsv' for command environment
[0.739s] INFO:colcon.colcon_core.task.python.build:Building Python package in '/home/chrisjan/Documents/SpaceConcordia/IntroTask/src/py_task'
[0.740s] INFO:colcon.colcon_core.shell:Skip shell extension 'powershell' for command environment: Not usable outside of PowerShell
[0.740s] DEBUG:colcon.colcon_core.shell:Skip shell extension 'dsv' for command environment
[1.145s] DEBUG:colcon.colcon_core.event_handler.log_command:Invoking command in '/home/chrisjan/Documents/SpaceConcordia/IntroTask/src/py_task': PYTHONPATH=/home/chrisjan/Documents/SpaceConcordia/IntroTask/build/py_task/prefix_override:/usr/lib/python3/dist-packages/colcon_core/task/python/colcon_distutils_commands:/home/chrisjan/Documents/SpaceConcordia/IntroTask/install/py_task/lib/python3.10/site-packages:${PYTHONPATH} /usr/bin/python3 -W ignore:setup.py install is deprecated -W ignore:easy_install command is deprecated setup.py egg_info --egg-base ../../build/py_task build --build-base /home/chrisjan/Documents/SpaceConcordia/IntroTask/build/py_task/build install --record /home/chrisjan/Documents/SpaceConcordia/IntroTask/build/py_task/install.log --single-version-externally-managed install_data
[1.485s] DEBUG:colcon.colcon_core.event_handler.log_command:Invoked command in '/home/chrisjan/Documents/SpaceConcordia/IntroTask/src/py_task' returned '0': PYTHONPATH=/home/chrisjan/Documents/SpaceConcordia/IntroTask/build/py_task/prefix_override:/usr/lib/python3/dist-packages/colcon_core/task/python/colcon_distutils_commands:/home/chrisjan/Documents/SpaceConcordia/IntroTask/install/py_task/lib/python3.10/site-packages:${PYTHONPATH} /usr/bin/python3 -W ignore:setup.py install is deprecated -W ignore:easy_install command is deprecated setup.py egg_info --egg-base ../../build/py_task build --build-base /home/chrisjan/Documents/SpaceConcordia/IntroTask/build/py_task/build install --record /home/chrisjan/Documents/SpaceConcordia/IntroTask/build/py_task/install.log --single-version-externally-managed install_data
[1.487s] Level 1:colcon.colcon_core.environment:checking '/home/chrisjan/Documents/SpaceConcordia/IntroTask/install/py_task' for CMake module files
[1.488s] Level 1:colcon.colcon_core.environment:checking '/home/chrisjan/Documents/SpaceConcordia/IntroTask/install/py_task' for CMake config files
[1.488s] Level 1:colcon.colcon_core.environment:checking '/home/chrisjan/Documents/SpaceConcordia/IntroTask/install/py_task/lib'
[1.489s] Level 1:colcon.colcon_core.environment:checking '/home/chrisjan/Documents/SpaceConcordia/IntroTask/install/py_task/bin'
[1.489s] Level 1:colcon.colcon_core.environment:checking '/home/chrisjan/Documents/SpaceConcordia/IntroTask/install/py_task/lib/pkgconfig/py_task.pc'
[1.489s] Level 1:colcon.colcon_core.environment:checking '/home/chrisjan/Documents/SpaceConcordia/IntroTask/install/py_task/lib/python3.10/site-packages'
[1.489s] Level 1:colcon.colcon_core.shell:create_environment_hook('py_task', 'pythonpath')
[1.489s] INFO:colcon.colcon_core.shell:Creating environment hook '/home/chrisjan/Documents/SpaceConcordia/IntroTask/install/py_task/share/py_task/hook/pythonpath.ps1'
[1.490s] INFO:colcon.colcon_core.shell:Creating environment descriptor '/home/chrisjan/Documents/SpaceConcordia/IntroTask/install/py_task/share/py_task/hook/pythonpath.dsv'
[1.490s] INFO:colcon.colcon_core.shell:Creating environment hook '/home/chrisjan/Documents/SpaceConcordia/IntroTask/install/py_task/share/py_task/hook/pythonpath.sh'
[1.491s] Level 1:colcon.colcon_core.environment:checking '/home/chrisjan/Documents/SpaceConcordia/IntroTask/install/py_task/bin'
[1.491s] Level 1:colcon.colcon_core.environment:create_environment_scripts_only(py_task)
[1.491s] INFO:colcon.colcon_core.shell:Creating package script '/home/chrisjan/Documents/SpaceConcordia/IntroTask/install/py_task/share/py_task/package.ps1'
[1.492s] INFO:colcon.colcon_core.shell:Creating package descriptor '/home/chrisjan/Documents/SpaceConcordia/IntroTask/install/py_task/share/py_task/package.dsv'
[1.493s] INFO:colcon.colcon_core.shell:Creating package script '/home/chrisjan/Documents/SpaceConcordia/IntroTask/install/py_task/share/py_task/package.sh'
[1.494s] INFO:colcon.colcon_core.shell:Creating package script '/home/chrisjan/Documents/SpaceConcordia/IntroTask/install/py_task/share/py_task/package.bash'
[1.495s] INFO:colcon.colcon_core.shell:Creating package script '/home/chrisjan/Documents/SpaceConcordia/IntroTask/install/py_task/share/py_task/package.zsh'
[1.495s] Level 1:colcon.colcon_core.environment:create_file_with_runtime_dependencies(/home/chrisjan/Documents/SpaceConcordia/IntroTask/install/py_task/share/colcon-core/packages/py_task)
[1.496s] DEBUG:colcon.colcon_parallel_executor.executor.parallel:closing loop
[1.496s] DEBUG:colcon.colcon_parallel_executor.executor.parallel:loop closed
[1.496s] DEBUG:colcon.colcon_parallel_executor.executor.parallel:run_until_complete finished with '0'
[1.496s] DEBUG:colcon.colcon_core.event_reactor:joining thread
[1.502s] INFO:colcon.colcon_core.plugin_system:Skipping extension 'colcon_notification.desktop_notification.terminal_notifier': Not used on non-Darwin systems
[1.502s] INFO:colcon.colcon_core.plugin_system:Skipping extension 'colcon_notification.desktop_notification.win32': Not used on non-Windows systems
[1.502s] INFO:colcon.colcon_notification.desktop_notification:Sending desktop notification using 'notify2'
[1.517s] DEBUG:colcon.colcon_core.event_reactor:joined thread
[1.518s] INFO:colcon.colcon_core.shell:Creating prefix script '/home/chrisjan/Documents/SpaceConcordia/IntroTask/install/local_setup.ps1'
[1.519s] INFO:colcon.colcon_core.shell:Creating prefix util module '/home/chrisjan/Documents/SpaceConcordia/IntroTask/install/_local_setup_util_ps1.py'
[1.521s] INFO:colcon.colcon_core.shell:Creating prefix chain script '/home/chrisjan/Documents/SpaceConcordia/IntroTask/install/setup.ps1'
[1.522s] INFO:colcon.colcon_core.shell:Creating prefix script '/home/chrisjan/Documents/SpaceConcordia/IntroTask/install/local_setup.sh'
[1.523s] INFO:colcon.colcon_core.shell:Creating prefix util module '/home/chrisjan/Documents/SpaceConcordia/IntroTask/install/_local_setup_util_sh.py'
[1.523s] INFO:colcon.colcon_core.shell:Creating prefix chain script '/home/chrisjan/Documents/SpaceConcordia/IntroTask/install/setup.sh'
[1.524s] INFO:colcon.colcon_core.shell:Creating prefix script '/home/chrisjan/Documents/SpaceConcordia/IntroTask/install/local_setup.bash'
[1.525s] INFO:colcon.colcon_core.shell:Creating prefix chain script '/home/chrisjan/Documents/SpaceConcordia/IntroTask/install/setup.bash'
[1.525s] INFO:colcon.colcon_core.shell:Creating prefix script '/home/chrisjan/Documents/SpaceConcordia/IntroTask/install/local_setup.zsh'
[1.526s] INFO:colcon.colcon_core.shell:Creating prefix chain script '/home/chrisjan/Documents/SpaceConcordia/IntroTask/install/setup.zsh'
